<component name="libraryTable">
  <library name="JUnit4">
    <CLASSES>
      <root url="file://$PROJECT_DIR$/JUnit4" />
    </CLASSES>
    <JAVADOC />
    <SOURCES>
      <root url="file://$PROJECT_DIR$/JUnit4" />
    </SOURCES>
    <jarDirectory url="file://$PROJECT_DIR$/JUnit4" recursive="false" />
    <jarDirectory url="file://$PROJECT_DIR$/JUnit4" recursive="false" type="SOURCES" />
  </library>
</component>